{"t":{"$date":"2021-10-27T16:47:38.546+08:00"},"s":"I",  "c":"CONTROL",  "id":23285,   "ctx":"main","msg":"Automatically disabling TLS 1.0, to force-enable TLS 1.0 specify --sslDisabledProtocols 'none'"}
{"t":{"$date":"2021-10-27T16:47:38.550+08:00"},"s":"W",  "c":"ASIO",     "id":22601,   "ctx":"main","msg":"No TransportLayer configured during NetworkInterface startup"}
{"t":{"$date":"2021-10-27T16:47:38.551+08:00"},"s":"I",  "c":"NETWORK",  "id":4648602, "ctx":"main","msg":"Implicit TCP FastOpen in use."}
{"t":{"$date":"2021-10-27T16:47:38.551+08:00"},"s":"W",  "c":"ASIO",     "id":22601,   "ctx":"main","msg":"No TransportLayer configured during NetworkInterface startup"}
{"t":{"$date":"2021-10-27T16:47:38.553+08:00"},"s":"I",  "c":"STORAGE",  "id":4615611, "ctx":"initandlisten","msg":"MongoDB starting","attr":{"pid":17788,"port":27017,"dbPath":"C:/Users/Â∞èÂèØÁà±/Desktop/MindMapping/mongodb/ÊùÉÂ®ÅÊåáÂçó/ÈÖçÁΩÆÂâØÊú¨ÈõÜ/real_27019/data/db","architecture":"64-bit","host":"DESKTOP-LECO6EK"}}
{"t":{"$date":"2021-10-27T16:47:38.561+08:00"},"s":"I",  "c":"CONTROL",  "id":23398,   "ctx":"initandlisten","msg":"Target operating system minimum version","attr":{"targetMinOS":"Windows 7/Windows Server 2008 R2"}}
{"t":{"$date":"2021-10-27T16:47:38.561+08:00"},"s":"I",  "c":"CONTROL",  "id":23403,   "ctx":"initandlisten","msg":"Build Info","attr":{"buildInfo":{"version":"4.4.1","gitVersion":"ad91a93a5a31e175f5cbf8c69561e788bbc55ce1","modules":[],"allocator":"tcmalloc","environment":{"distmod":"windows","distarch":"x86_64","target_arch":"x86_64"}}}}
{"t":{"$date":"2021-10-27T16:47:38.561+08:00"},"s":"I",  "c":"CONTROL",  "id":51765,   "ctx":"initandlisten","msg":"Operating System","attr":{"os":{"name":"Microsoft Windows 10","version":"10.0 (build 19042)"}}}
{"t":{"$date":"2021-10-27T16:47:38.561+08:00"},"s":"I",  "c":"CONTROL",  "id":21951,   "ctx":"initandlisten","msg":"Options set by command line","attr":{"options":{"config":"mongod.conf","net":{"bindIp":"localhost,192.168.43.116","port":27017},"processManagement":{"pidFilePath":"C:/Users/Â∞èÂèØÁà±/Desktop/MindMapping/mongodb/ÊùÉÂ®ÅÊåáÂçó/ÈÖçÁΩÆÂâØÊú¨ÈõÜ/real_27019/log/mongod.pid"},"replication":{"replSetName":"myrs"},"storage":{"dbPath":"C:/Users/Â∞èÂèØÁà±/Desktop/MindMapping/mongodb/ÊùÉÂ®ÅÊåáÂçó/ÈÖçÁΩÆÂâØÊú¨ÈõÜ/real_27019/data/db","journal":{"enabled":true}},"systemLog":{"destination":"file","logAppend":true,"path":"C:/Users/Â∞èÂèØÁà±/Desktop/MindMapping/mongodb/ÊùÉÂ®ÅÊåáÂçó/ÈÖçÁΩÆÂâØÊú¨ÈõÜ/real_27019/log/mongod.log"}}}}
{"t":{"$date":"2021-10-27T16:47:38.568+08:00"},"s":"I",  "c":"STORAGE",  "id":22315,   "ctx":"initandlisten","msg":"Opening WiredTiger","attr":{"config":"create,cache_size=3526M,session_max=33000,eviction=(threads_min=4,threads_max=4),config_base=false,statistics=(fast),log=(enabled=true,archive=true,path=journal,compressor=snappy),file_manager=(close_idle_time=100000,close_scan_interval=10,close_handle_minimum=250),statistics_log=(wait=0),verbose=[recovery_progress,checkpoint_progress,compact_progress],"}}
{"t":{"$date":"2021-10-27T16:47:38.604+08:00"},"s":"I",  "c":"STORAGE",  "id":22430,   "ctx":"initandlisten","msg":"WiredTiger message","attr":{"message":"[1635324458:603750][17788:140705187452240], txn-recover: [WT_VERB_RECOVERY | WT_VERB_RECOVERY_PROGRESS] Set global recovery timestamp: (0, 0)"}}
{"t":{"$date":"2021-10-27T16:47:38.604+08:00"},"s":"I",  "c":"STORAGE",  "id":22430,   "ctx":"initandlisten","msg":"WiredTiger message","attr":{"message":"[1635324458:603750][17788:140705187452240], txn-recover: [WT_VERB_RECOVERY | WT_VERB_RECOVERY_PROGRESS] Set global oldest timestamp: (0, 0)"}}
{"t":{"$date":"2021-10-27T16:47:38.611+08:00"},"s":"I",  "c":"STORAGE",  "id":4795906, "ctx":"initandlisten","msg":"WiredTiger opened","attr":{"durationMillis":43}}
{"t":{"$date":"2021-10-27T16:47:38.611+08:00"},"s":"I",  "c":"RECOVERY", "id":23987,   "ctx":"initandlisten","msg":"WiredTiger recoveryTimestamp","attr":{"recoveryTimestamp":{"$timestamp":{"t":0,"i":0}}}}
{"t":{"$date":"2021-10-27T16:47:38.624+08:00"},"s":"I",  "c":"STORAGE",  "id":22262,   "ctx":"initandlisten","msg":"Timestamp monitor starting"}
{"t":{"$date":"2021-10-27T16:47:38.635+08:00"},"s":"W",  "c":"CONTROL",  "id":22120,   "ctx":"initandlisten","msg":"Access control is not enabled for the database. Read and write access to data and configuration is unrestricted","tags":["startupWarnings"]}
{"t":{"$date":"2021-10-27T16:47:38.637+08:00"},"s":"I",  "c":"STORAGE",  "id":20536,   "ctx":"initandlisten","msg":"Flow Control is enabled on this deployment"}
{"t":{"$date":"2021-10-27T16:47:38.638+08:00"},"s":"I",  "c":"SHARDING", "id":20997,   "ctx":"initandlisten","msg":"Refreshed RWC defaults","attr":{"newDefaults":{}}}
{"t":{"$date":"2021-10-27T16:47:38.638+08:00"},"s":"I",  "c":"STORAGE",  "id":20320,   "ctx":"initandlisten","msg":"createCollection","attr":{"namespace":"local.startup_log","uuidDisposition":"generated","uuid":{"uuid":{"$uuid":"1bbffe75-0263-4d51-aeb7-461d3c2e5b5c"}},"options":{"capped":true,"size":10485760}}}
{"t":{"$date":"2021-10-27T16:47:38.650+08:00"},"s":"I",  "c":"INDEX",    "id":20345,   "ctx":"initandlisten","msg":"Index build: done building","attr":{"buildUUID":null,"namespace":"local.startup_log","index":"_id_","commitTimestamp":{"$timestamp":{"t":0,"i":0}}}}
{"t":{"$date":"2021-10-27T16:47:39.067+08:00"},"s":"I",  "c":"FTDC",     "id":20625,   "ctx":"initandlisten","msg":"Initializing full-time diagnostic data capture","attr":{"dataDirectory":"C:/Users/Â∞èÂèØÁà±/Desktop/MindMapping/mongodb/ÊùÉÂ®ÅÊåáÂçó/ÈÖçÁΩÆÂâØÊú¨ÈõÜ/real_27019/data/db/diagnostic.data"}}
{"t":{"$date":"2021-10-27T16:47:39.067+08:00"},"s":"I",  "c":"STORAGE",  "id":20320,   "ctx":"initandlisten","msg":"createCollection","attr":{"namespace":"local.replset.oplogTruncateAfterPoint","uuidDisposition":"generated","uuid":{"uuid":{"$uuid":"2439d14f-cee3-45df-9375-bbe0928f211f"}},"options":{}}}
{"t":{"$date":"2021-10-27T16:47:39.077+08:00"},"s":"I",  "c":"INDEX",    "id":20345,   "ctx":"initandlisten","msg":"Index build: done building","attr":{"buildUUID":null,"namespace":"local.replset.oplogTruncateAfterPoint","index":"_id_","commitTimestamp":{"$timestamp":{"t":0,"i":0}}}}
{"t":{"$date":"2021-10-27T16:47:39.077+08:00"},"s":"I",  "c":"STORAGE",  "id":20320,   "ctx":"initandlisten","msg":"createCollection","attr":{"namespace":"local.replset.minvalid","uuidDisposition":"generated","uuid":{"uuid":{"$uuid":"35e75bdd-320b-4b7a-b17e-ca820bdc0885"}},"options":{}}}
{"t":{"$date":"2021-10-27T16:47:39.086+08:00"},"s":"I",  "c":"INDEX",    "id":20345,   "ctx":"initandlisten","msg":"Index build: done building","attr":{"buildUUID":null,"namespace":"local.replset.minvalid","index":"_id_","commitTimestamp":{"$timestamp":{"t":0,"i":0}}}}
{"t":{"$date":"2021-10-27T16:47:39.086+08:00"},"s":"I",  "c":"STORAGE",  "id":20320,   "ctx":"initandlisten","msg":"createCollection","attr":{"namespace":"local.replset.election","uuidDisposition":"generated","uuid":{"uuid":{"$uuid":"81a99e21-3efa-4135-a643-0fba604641a8"}},"options":{}}}
{"t":{"$date":"2021-10-27T16:47:39.095+08:00"},"s":"I",  "c":"INDEX",    "id":20345,   "ctx":"initandlisten","msg":"Index build: done building","attr":{"buildUUID":null,"namespace":"local.replset.election","index":"_id_","commitTimestamp":{"$timestamp":{"t":0,"i":0}}}}
{"t":{"$date":"2021-10-27T16:47:39.095+08:00"},"s":"I",  "c":"REPL",     "id":21311,   "ctx":"initandlisten","msg":"Did not find local initialized voted for document at startup"}
{"t":{"$date":"2021-10-27T16:47:39.095+08:00"},"s":"I",  "c":"REPL",     "id":21312,   "ctx":"initandlisten","msg":"Did not find local Rollback ID document at startup. Creating one"}
{"t":{"$date":"2021-10-27T16:47:39.095+08:00"},"s":"I",  "c":"STORAGE",  "id":20320,   "ctx":"initandlisten","msg":"createCollection","attr":{"namespace":"local.system.rollback.id","uuidDisposition":"generated","uuid":{"uuid":{"$uuid":"505449a1-1799-4bb2-8195-e914abe3b178"}},"options":{}}}
{"t":{"$date":"2021-10-27T16:47:39.104+08:00"},"s":"I",  "c":"INDEX",    "id":20345,   "ctx":"initandlisten","msg":"Index build: done building","attr":{"buildUUID":null,"namespace":"local.system.rollback.id","index":"_id_","commitTimestamp":{"$timestamp":{"t":0,"i":0}}}}
{"t":{"$date":"2021-10-27T16:47:39.104+08:00"},"s":"I",  "c":"REPL",     "id":21531,   "ctx":"initandlisten","msg":"Initialized the rollback ID","attr":{"rbid":1}}
{"t":{"$date":"2021-10-27T16:47:39.104+08:00"},"s":"I",  "c":"REPL",     "id":21313,   "ctx":"initandlisten","msg":"Did not find local replica set configuration document at startup","attr":{"error":{"code":47,"codeName":"NoMatchingDocument","errmsg":"Did not find replica set configuration document in local.system.replset"}}}
{"t":{"$date":"2021-10-27T16:47:39.106+08:00"},"s":"I",  "c":"CONTROL",  "id":20714,   "ctx":"LogicalSessionCacheRefresh","msg":"Failed to refresh session cache, will try again at the next refresh interval","attr":{"error":"NotYetInitialized: Replication has not yet been configured"}}
{"t":{"$date":"2021-10-27T16:47:39.106+08:00"},"s":"I",  "c":"REPL",     "id":40440,   "ctx":"initandlisten","msg":"Starting the TopologyVersionObserver"}
{"t":{"$date":"2021-10-27T16:47:39.106+08:00"},"s":"I",  "c":"CONTROL",  "id":20712,   "ctx":"LogicalSessionCacheReap","msg":"Sessions collection is not set up; waiting until next sessions reap interval","attr":{"error":"NamespaceNotFound: config.system.sessions does not exist"}}
{"t":{"$date":"2021-10-27T16:47:39.107+08:00"},"s":"I",  "c":"REPL",     "id":40445,   "ctx":"TopologyVersionObserver","msg":"Started TopologyVersionObserver"}
{"t":{"$date":"2021-10-27T16:47:39.107+08:00"},"s":"I",  "c":"NETWORK",  "id":23015,   "ctx":"listener","msg":"Listening on","attr":{"address":"127.0.0.1"}}
{"t":{"$date":"2021-10-27T16:47:39.107+08:00"},"s":"I",  "c":"NETWORK",  "id":23015,   "ctx":"listener","msg":"Listening on","attr":{"address":"192.168.43.116"}}
{"t":{"$date":"2021-10-27T16:47:39.107+08:00"},"s":"I",  "c":"NETWORK",  "id":23016,   "ctx":"listener","msg":"Waiting for connections","attr":{"port":27017,"ssl":"off"}}
{"t":{"$date":"2021-10-27T16:52:39.106+08:00"},"s":"I",  "c":"CONTROL",  "id":20714,   "ctx":"LogicalSessionCacheRefresh","msg":"Failed to refresh session cache, will try again at the next refresh interval","attr":{"error":"NotYetInitialized: Replication has not yet been configured"}}
{"t":{"$date":"2021-10-27T16:52:39.108+08:00"},"s":"I",  "c":"CONTROL",  "id":20712,   "ctx":"LogicalSessionCacheReap","msg":"Sessions collection is not set up; waiting until next sessions reap interval","attr":{"error":"NamespaceNotFound: config.system.sessions does not exist"}}
{"t":{"$date":"2021-10-27T16:55:17.412+08:00"},"s":"I",  "c":"CONTROL",  "id":23372,   "ctx":"thread1","msg":"Ctrl-C signal"}
{"t":{"$date":"2021-10-27T16:55:17.412+08:00"},"s":"I",  "c":"CONTROL",  "id":23371,   "ctx":"consoleTerminate","msg":"Received event, will terminate after current command ends","attr":{"controlCode":"CTRL_C_EVENT"}}
{"t":{"$date":"2021-10-27T16:55:17.412+08:00"},"s":"I",  "c":"REPL",     "id":4784900, "ctx":"consoleTerminate","msg":"Stepping down the ReplicationCoordinator for shutdown","attr":{"waitTimeMillis":10000}}
{"t":{"$date":"2021-10-27T16:55:17.414+08:00"},"s":"I",  "c":"COMMAND",  "id":4784901, "ctx":"consoleTerminate","msg":"Shutting down the MirrorMaestro"}
{"t":{"$date":"2021-10-27T16:55:17.414+08:00"},"s":"I",  "c":"REPL",     "id":40441,   "ctx":"consoleTerminate","msg":"Stopping TopologyVersionObserver"}
{"t":{"$date":"2021-10-27T16:55:17.416+08:00"},"s":"I",  "c":"REPL",     "id":40447,   "ctx":"TopologyVersionObserver","msg":"Stopped TopologyVersionObserver"}
{"t":{"$date":"2021-10-27T16:55:17.417+08:00"},"s":"I",  "c":"SHARDING", "id":4784902, "ctx":"consoleTerminate","msg":"Shutting down the WaitForMajorityService"}
{"t":{"$date":"2021-10-27T16:55:17.421+08:00"},"s":"I",  "c":"CONTROL",  "id":4784903, "ctx":"consoleTerminate","msg":"Shutting down the LogicalSessionCache"}
{"t":{"$date":"2021-10-27T16:55:17.422+08:00"},"s":"I",  "c":"NETWORK",  "id":20562,   "ctx":"consoleTerminate","msg":"Shutdown: going to close listening sockets"}
{"t":{"$date":"2021-10-27T16:55:17.423+08:00"},"s":"I",  "c":"NETWORK",  "id":4784905, "ctx":"consoleTerminate","msg":"Shutting down the global connection pool"}
{"t":{"$date":"2021-10-27T16:55:17.423+08:00"},"s":"I",  "c":"STORAGE",  "id":4784906, "ctx":"consoleTerminate","msg":"Shutting down the FlowControlTicketholder"}
{"t":{"$date":"2021-10-27T16:55:17.423+08:00"},"s":"I",  "c":"-",        "id":20520,   "ctx":"consoleTerminate","msg":"Stopping further Flow Control ticket acquisitions."}
{"t":{"$date":"2021-10-27T16:55:17.424+08:00"},"s":"I",  "c":"REPL",     "id":4784907, "ctx":"consoleTerminate","msg":"Shutting down the replica set node executor"}
{"t":{"$date":"2021-10-27T16:55:17.425+08:00"},"s":"I",  "c":"ASIO",     "id":22582,   "ctx":"ReplNodeDbWorkerNetwork","msg":"Killing all outstanding egress activity."}
{"t":{"$date":"2021-10-27T16:55:17.426+08:00"},"s":"I",  "c":"STORAGE",  "id":4784908, "ctx":"consoleTerminate","msg":"Shutting down the PeriodicThreadToAbortExpiredTransactions"}
{"t":{"$date":"2021-10-27T16:55:17.426+08:00"},"s":"I",  "c":"STORAGE",  "id":4784934, "ctx":"consoleTerminate","msg":"Shutting down the PeriodicThreadToDecreaseSnapshotHistoryCachePressure"}
{"t":{"$date":"2021-10-27T16:55:17.427+08:00"},"s":"I",  "c":"REPL",     "id":4784909, "ctx":"consoleTerminate","msg":"Shutting down the ReplicationCoordinator"}
{"t":{"$date":"2021-10-27T16:55:17.427+08:00"},"s":"I",  "c":"REPL",     "id":21328,   "ctx":"consoleTerminate","msg":"Shutting down replication subsystems"}
{"t":{"$date":"2021-10-27T16:55:17.428+08:00"},"s":"I",  "c":"ASIO",     "id":22582,   "ctx":"ReplNetwork","msg":"Killing all outstanding egress activity."}
{"t":{"$date":"2021-10-27T16:55:17.428+08:00"},"s":"I",  "c":"SHARDING", "id":4784910, "ctx":"consoleTerminate","msg":"Shutting down the ShardingInitializationMongoD"}
{"t":{"$date":"2021-10-27T16:55:17.429+08:00"},"s":"I",  "c":"REPL",     "id":4784911, "ctx":"consoleTerminate","msg":"Enqueuing the ReplicationStateTransitionLock for shutdown"}
{"t":{"$date":"2021-10-27T16:55:17.429+08:00"},"s":"I",  "c":"-",        "id":4784912, "ctx":"consoleTerminate","msg":"Killing all operations for shutdown"}
{"t":{"$date":"2021-10-27T16:55:17.429+08:00"},"s":"I",  "c":"-",        "id":4695300, "ctx":"consoleTerminate","msg":"Interrupted all currently running operations","attr":{"opsKilled":4}}
{"t":{"$date":"2021-10-27T16:55:17.430+08:00"},"s":"I",  "c":"COMMAND",  "id":4784913, "ctx":"consoleTerminate","msg":"Shutting down all open transactions"}
{"t":{"$date":"2021-10-27T16:55:17.430+08:00"},"s":"I",  "c":"REPL",     "id":4784914, "ctx":"consoleTerminate","msg":"Acquiring the ReplicationStateTransitionLock for shutdown"}
{"t":{"$date":"2021-10-27T16:55:17.430+08:00"},"s":"I",  "c":"INDEX",    "id":4784915, "ctx":"consoleTerminate","msg":"Shutting down the IndexBuildsCoordinator"}
{"t":{"$date":"2021-10-27T16:55:17.431+08:00"},"s":"I",  "c":"REPL",     "id":4784916, "ctx":"consoleTerminate","msg":"Reacquiring the ReplicationStateTransitionLock for shutdown"}
{"t":{"$date":"2021-10-27T16:55:17.431+08:00"},"s":"I",  "c":"REPL",     "id":4784917, "ctx":"consoleTerminate","msg":"Attempting to mark clean shutdown"}
{"t":{"$date":"2021-10-27T16:55:17.431+08:00"},"s":"I",  "c":"NETWORK",  "id":4784918, "ctx":"consoleTerminate","msg":"Shutting down the ReplicaSetMonitor"}
{"t":{"$date":"2021-10-27T16:55:17.432+08:00"},"s":"I",  "c":"REPL",     "id":4784920, "ctx":"consoleTerminate","msg":"Shutting down the LogicalTimeValidator"}
{"t":{"$date":"2021-10-27T16:55:17.432+08:00"},"s":"I",  "c":"SHARDING", "id":4784921, "ctx":"consoleTerminate","msg":"Shutting down the MigrationUtilExecutor"}
{"t":{"$date":"2021-10-27T16:55:17.433+08:00"},"s":"I",  "c":"CONTROL",  "id":4784925, "ctx":"consoleTerminate","msg":"Shutting down free monitoring"}
{"t":{"$date":"2021-10-27T16:55:17.433+08:00"},"s":"I",  "c":"CONTROL",  "id":20609,   "ctx":"consoleTerminate","msg":"Shutting down free monitoring"}
{"t":{"$date":"2021-10-27T16:55:17.434+08:00"},"s":"I",  "c":"FTDC",     "id":4784926, "ctx":"consoleTerminate","msg":"Shutting down full-time data capture"}
{"t":{"$date":"2021-10-27T16:55:17.434+08:00"},"s":"I",  "c":"FTDC",     "id":20626,   "ctx":"consoleTerminate","msg":"Shutting down full-time diagnostic data capture"}
{"t":{"$date":"2021-10-27T16:55:17.445+08:00"},"s":"I",  "c":"STORAGE",  "id":4784927, "ctx":"consoleTerminate","msg":"Shutting down the HealthLog"}
{"t":{"$date":"2021-10-27T16:55:17.446+08:00"},"s":"I",  "c":"STORAGE",  "id":4784929, "ctx":"consoleTerminate","msg":"Acquiring the global lock for shutdown"}
{"t":{"$date":"2021-10-27T16:55:17.446+08:00"},"s":"I",  "c":"STORAGE",  "id":4784930, "ctx":"consoleTerminate","msg":"Shutting down the storage engine"}
{"t":{"$date":"2021-10-27T16:55:17.446+08:00"},"s":"I",  "c":"STORAGE",  "id":20282,   "ctx":"consoleTerminate","msg":"Deregistering all the collections"}
{"t":{"$date":"2021-10-27T16:55:17.451+08:00"},"s":"I",  "c":"STORAGE",  "id":22261,   "ctx":"consoleTerminate","msg":"Timestamp monitor shutting down"}
{"t":{"$date":"2021-10-27T16:55:17.452+08:00"},"s":"I",  "c":"STORAGE",  "id":22317,   "ctx":"consoleTerminate","msg":"WiredTigerKVEngine shutting down"}
{"t":{"$date":"2021-10-27T16:55:17.452+08:00"},"s":"I",  "c":"STORAGE",  "id":22318,   "ctx":"consoleTerminate","msg":"Shutting down session sweeper thread"}
{"t":{"$date":"2021-10-27T16:55:17.452+08:00"},"s":"I",  "c":"STORAGE",  "id":22319,   "ctx":"consoleTerminate","msg":"Finished shutting down session sweeper thread"}
{"t":{"$date":"2021-10-27T16:55:17.453+08:00"},"s":"I",  "c":"STORAGE",  "id":22320,   "ctx":"consoleTerminate","msg":"Shutting down journal flusher thread"}
{"t":{"$date":"2021-10-27T16:55:17.453+08:00"},"s":"I",  "c":"STORAGE",  "id":22321,   "ctx":"consoleTerminate","msg":"Finished shutting down journal flusher thread"}
{"t":{"$date":"2021-10-27T16:55:17.453+08:00"},"s":"I",  "c":"STORAGE",  "id":22322,   "ctx":"consoleTerminate","msg":"Shutting down checkpoint thread"}
{"t":{"$date":"2021-10-27T16:55:17.453+08:00"},"s":"I",  "c":"STORAGE",  "id":22323,   "ctx":"consoleTerminate","msg":"Finished shutting down checkpoint thread"}
{"t":{"$date":"2021-10-27T16:55:17.454+08:00"},"s":"I",  "c":"STORAGE",  "id":4795902, "ctx":"consoleTerminate","msg":"Closing WiredTiger","attr":{"closeConfig":"leak_memory=true,"}}
{"t":{"$date":"2021-10-27T16:55:17.479+08:00"},"s":"I",  "c":"STORAGE",  "id":4795901, "ctx":"consoleTerminate","msg":"WiredTiger closed","attr":{"durationMillis":25}}
{"t":{"$date":"2021-10-27T16:55:17.479+08:00"},"s":"I",  "c":"STORAGE",  "id":22281,   "ctx":"consoleTerminate","msg":"shutdown: removing fs lock..."}
{"t":{"$date":"2021-10-27T16:55:17.480+08:00"},"s":"I",  "c":"-",        "id":4784931, "ctx":"consoleTerminate","msg":"Dropping the scope cache for shutdown"}
{"t":{"$date":"2021-10-27T16:55:17.480+08:00"},"s":"I",  "c":"CONTROL",  "id":20565,   "ctx":"consoleTerminate","msg":"Now exiting"}
{"t":{"$date":"2021-10-27T16:55:17.481+08:00"},"s":"I",  "c":"CONTROL",  "id":23138,   "ctx":"consoleTerminate","msg":"Shutting down","attr":{"exitCode":12}}

{"t":{"$date":"2021-10-27T16:55:19.125+08:00"},"s":"W",  "c":"CONTROL",  "id":20698,   "ctx":"main","msg":"***** SERVER RESTARTED *****","tags":["startupWarnings"]}
{"t":{"$date":"2021-10-27T16:55:19.557+08:00"},"s":"I",  "c":"CONTROL",  "id":23285,   "ctx":"main","msg":"Automatically disabling TLS 1.0, to force-enable TLS 1.0 specify --sslDisabledProtocols 'none'"}
{"t":{"$date":"2021-10-27T16:55:19.559+08:00"},"s":"W",  "c":"ASIO",     "id":22601,   "ctx":"main","msg":"No TransportLayer configured during NetworkInterface startup"}
{"t":{"$date":"2021-10-27T16:55:19.560+08:00"},"s":"I",  "c":"NETWORK",  "id":4648602, "ctx":"main","msg":"Implicit TCP FastOpen in use."}
{"t":{"$date":"2021-10-27T16:55:19.560+08:00"},"s":"W",  "c":"ASIO",     "id":22601,   "ctx":"main","msg":"No TransportLayer configured during NetworkInterface startup"}
{"t":{"$date":"2021-10-27T16:55:19.563+08:00"},"s":"I",  "c":"STORAGE",  "id":4615611, "ctx":"initandlisten","msg":"MongoDB starting","attr":{"pid":7156,"port":27019,"dbPath":"C:/Users/Â∞èÂèØÁà±/Desktop/MindMapping/mongodb/ÊùÉÂ®ÅÊåáÂçó/ÈÖçÁΩÆÂâØÊú¨ÈõÜ/real_27019/data/db","architecture":"64-bit","host":"DESKTOP-LECO6EK"}}
{"t":{"$date":"2021-10-27T16:55:19.563+08:00"},"s":"I",  "c":"CONTROL",  "id":23398,   "ctx":"initandlisten","msg":"Target operating system minimum version","attr":{"targetMinOS":"Windows 7/Windows Server 2008 R2"}}
{"t":{"$date":"2021-10-27T16:55:19.563+08:00"},"s":"I",  "c":"CONTROL",  "id":23403,   "ctx":"initandlisten","msg":"Build Info","attr":{"buildInfo":{"version":"4.4.1","gitVersion":"ad91a93a5a31e175f5cbf8c69561e788bbc55ce1","modules":[],"allocator":"tcmalloc","environment":{"distmod":"windows","distarch":"x86_64","target_arch":"x86_64"}}}}
{"t":{"$date":"2021-10-27T16:55:19.563+08:00"},"s":"I",  "c":"CONTROL",  "id":51765,   "ctx":"initandlisten","msg":"Operating System","attr":{"os":{"name":"Microsoft Windows 10","version":"10.0 (build 19042)"}}}
{"t":{"$date":"2021-10-27T16:55:19.563+08:00"},"s":"I",  "c":"CONTROL",  "id":21951,   "ctx":"initandlisten","msg":"Options set by command line","attr":{"options":{"config":"mongod.conf","net":{"bindIp":"localhost,192.168.43.116","port":27019},"processManagement":{"pidFilePath":"C:/Users/Â∞èÂèØÁà±/Desktop/MindMapping/mongodb/ÊùÉÂ®ÅÊåáÂçó/ÈÖçÁΩÆÂâØÊú¨ÈõÜ/real_27019/log/mongod.pid"},"replication":{"replSetName":"myrs"},"storage":{"dbPath":"C:/Users/Â∞èÂèØÁà±/Desktop/MindMapping/mongodb/ÊùÉÂ®ÅÊåáÂçó/ÈÖçÁΩÆÂâØÊú¨ÈõÜ/real_27019/data/db","journal":{"enabled":true}},"systemLog":{"destination":"file","logAppend":true,"path":"C:/Users/Â∞èÂèØÁà±/Desktop/MindMapping/mongodb/ÊùÉÂ®ÅÊåáÂçó/ÈÖçÁΩÆÂâØÊú¨ÈõÜ/real_27019/log/mongod.log"}}}}
{"t":{"$date":"2021-10-27T16:55:19.572+08:00"},"s":"I",  "c":"STORAGE",  "id":22270,   "ctx":"initandlisten","msg":"Storage engine to use detected by data files","attr":{"dbpath":"C:/Users/Â∞èÂèØÁà±/Desktop/MindMapping/mongodb/ÊùÉÂ®ÅÊåáÂçó/ÈÖçÁΩÆÂâØÊú¨ÈõÜ/real_27019/data/db","storageEngine":"wiredTiger"}}
{"t":{"$date":"2021-10-27T16:55:19.573+08:00"},"s":"I",  "c":"STORAGE",  "id":22315,   "ctx":"initandlisten","msg":"Opening WiredTiger","attr":{"config":"create,cache_size=3526M,session_max=33000,eviction=(threads_min=4,threads_max=4),config_base=false,statistics=(fast),log=(enabled=true,archive=true,path=journal,compressor=snappy),file_manager=(close_idle_time=100000,close_scan_interval=10,close_handle_minimum=250),statistics_log=(wait=0),verbose=[recovery_progress,checkpoint_progress,compact_progress],"}}
{"t":{"$date":"2021-10-27T16:55:19.602+08:00"},"s":"I",  "c":"STORAGE",  "id":22430,   "ctx":"initandlisten","msg":"WiredTiger message","attr":{"message":"[1635324919:602007][7156:140705187452240], txn-recover: [WT_VERB_RECOVERY_PROGRESS] Recovering log 1 through 2"}}
{"t":{"$date":"2021-10-27T16:55:19.665+08:00"},"s":"I",  "c":"STORAGE",  "id":22430,   "ctx":"initandlisten","msg":"WiredTiger message","attr":{"message":"[1635324919:664883][7156:140705187452240], txn-recover: [WT_VERB_RECOVERY_PROGRESS] Recovering log 2 through 2"}}
{"t":{"$date":"2021-10-27T16:55:19.728+08:00"},"s":"I",  "c":"STORAGE",  "id":22430,   "ctx":"initandlisten","msg":"WiredTiger message","attr":{"message":"[1635324919:727774][7156:140705187452240], txn-recover: [WT_VERB_RECOVERY | WT_VERB_RECOVERY_PROGRESS] Main recovery loop: starting at 1/24192 to 2/256"}}
{"t":{"$date":"2021-10-27T16:55:19.837+08:00"},"s":"I",  "c":"STORAGE",  "id":22430,   "ctx":"initandlisten","msg":"WiredTiger message","attr":{"message":"[1635324919:836486][7156:140705187452240], txn-recover: [WT_VERB_RECOVERY_PROGRESS] Recovering log 1 through 2"}}
{"t":{"$date":"2021-10-27T16:55:19.900+08:00"},"s":"I",  "c":"STORAGE",  "id":22430,   "ctx":"initandlisten","msg":"WiredTiger message","attr":{"message":"[1635324919:899318][7156:140705187452240], txn-recover: [WT_VERB_RECOVERY_PROGRESS] Recovering log 2 through 2"}}
{"t":{"$date":"2021-10-27T16:55:19.953+08:00"},"s":"I",  "c":"STORAGE",  "id":22430,   "ctx":"initandlisten","msg":"WiredTiger message","attr":{"message":"[1635324919:953211][7156:140705187452240], txn-recover: [WT_VERB_RECOVERY | WT_VERB_RECOVERY_PROGRESS] Set global recovery timestamp: (0, 0)"}}
{"t":{"$date":"2021-10-27T16:55:19.953+08:00"},"s":"I",  "c":"STORAGE",  "id":22430,   "ctx":"initandlisten","msg":"WiredTiger message","attr":{"message":"[1635324919:953211][7156:140705187452240], txn-recover: [WT_VERB_RECOVERY | WT_VERB_RECOVERY_PROGRESS] Set global oldest timestamp: (0, 0)"}}
{"t":{"$date":"2021-10-27T16:55:19.968+08:00"},"s":"I",  "c":"STORAGE",  "id":4795906, "ctx":"initandlisten","msg":"WiredTiger opened","attr":{"durationMillis":395}}
{"t":{"$date":"2021-10-27T16:55:19.968+08:00"},"s":"I",  "c":"RECOVERY", "id":23987,   "ctx":"initandlisten","msg":"WiredTiger recoveryTimestamp","attr":{"recoveryTimestamp":{"$timestamp":{"t":0,"i":0}}}}
{"t":{"$date":"2021-10-27T16:55:19.976+08:00"},"s":"I",  "c":"STORAGE",  "id":22262,   "ctx":"initandlisten","msg":"Timestamp monitor starting"}
{"t":{"$date":"2021-10-27T16:55:19.980+08:00"},"s":"W",  "c":"CONTROL",  "id":22120,   "ctx":"initandlisten","msg":"Access control is not enabled for the database. Read and write access to data and configuration is unrestricted","tags":["startupWarnings"]}
{"t":{"$date":"2021-10-27T16:55:19.986+08:00"},"s":"I",  "c":"STORAGE",  "id":20536,   "ctx":"initandlisten","msg":"Flow Control is enabled on this deployment"}
{"t":{"$date":"2021-10-27T16:55:19.988+08:00"},"s":"I",  "c":"SHARDING", "id":20997,   "ctx":"initandlisten","msg":"Refreshed RWC defaults","attr":{"newDefaults":{}}}
{"t":{"$date":"2021-10-27T16:55:20.406+08:00"},"s":"I",  "c":"FTDC",     "id":20625,   "ctx":"initandlisten","msg":"Initializing full-time diagnostic data capture","attr":{"dataDirectory":"C:/Users/Â∞èÂèØÁà±/Desktop/MindMapping/mongodb/ÊùÉÂ®ÅÊåáÂçó/ÈÖçÁΩÆÂâØÊú¨ÈõÜ/real_27019/data/db/diagnostic.data"}}
{"t":{"$date":"2021-10-27T16:55:20.425+08:00"},"s":"I",  "c":"REPL",     "id":21311,   "ctx":"initandlisten","msg":"Did not find local initialized voted for document at startup"}
{"t":{"$date":"2021-10-27T16:55:20.429+08:00"},"s":"I",  "c":"REPL",     "id":21529,   "ctx":"initandlisten","msg":"Initializing rollback ID","attr":{"rbid":1}}
{"t":{"$date":"2021-10-27T16:55:20.429+08:00"},"s":"I",  "c":"REPL",     "id":21313,   "ctx":"initandlisten","msg":"Did not find local replica set configuration document at startup","attr":{"error":{"code":47,"codeName":"NoMatchingDocument","errmsg":"Did not find replica set configuration document in local.system.replset"}}}
{"t":{"$date":"2021-10-27T16:55:20.432+08:00"},"s":"I",  "c":"CONTROL",  "id":20714,   "ctx":"LogicalSessionCacheRefresh","msg":"Failed to refresh session cache, will try again at the next refresh interval","attr":{"error":"NotYetInitialized: Replication has not yet been configured"}}
{"t":{"$date":"2021-10-27T16:55:20.432+08:00"},"s":"I",  "c":"REPL",     "id":40440,   "ctx":"initandlisten","msg":"Starting the TopologyVersionObserver"}
{"t":{"$date":"2021-10-27T16:55:20.432+08:00"},"s":"I",  "c":"CONTROL",  "id":20712,   "ctx":"LogicalSessionCacheReap","msg":"Sessions collection is not set up; waiting until next sessions reap interval","attr":{"error":"NamespaceNotFound: config.system.sessions does not exist"}}
{"t":{"$date":"2021-10-27T16:55:20.433+08:00"},"s":"I",  "c":"REPL",     "id":40445,   "ctx":"TopologyVersionObserver","msg":"Started TopologyVersionObserver"}
{"t":{"$date":"2021-10-27T16:55:20.433+08:00"},"s":"I",  "c":"NETWORK",  "id":23015,   "ctx":"listener","msg":"Listening on","attr":{"address":"127.0.0.1"}}
{"t":{"$date":"2021-10-27T16:55:20.433+08:00"},"s":"I",  "c":"NETWORK",  "id":23015,   "ctx":"listener","msg":"Listening on","attr":{"address":"192.168.43.116"}}
{"t":{"$date":"2021-10-27T16:55:20.433+08:00"},"s":"I",  "c":"NETWORK",  "id":23016,   "ctx":"listener","msg":"Waiting for connections","attr":{"port":27019,"ssl":"off"}}
{"t":{"$date":"2021-10-27T16:55:21.250+08:00"},"s":"I",  "c":"NETWORK",  "id":22943,   "ctx":"listener","msg":"Connection accepted","attr":{"remote":"192.168.43.116:57011","connectionId":1,"connectionCount":1}}
{"t":{"$date":"2021-10-27T16:55:21.251+08:00"},"s":"I",  "c":"NETWORK",  "id":51800,   "ctx":"conn1","msg":"client metadata","attr":{"remote":"192.168.43.116:57011","client":"conn1","doc":{"driver":{"name":"NetworkInterfaceTL","version":"4.4.1"},"os":{"type":"Windows","name":"Microsoft Windows 10","architecture":"x86_64","version":"10.0 (build 19042)"}}}}
{"t":{"$date":"2021-10-27T16:55:26.562+08:00"},"s":"I",  "c":"NETWORK",  "id":22943,   "ctx":"listener","msg":"Connection accepted","attr":{"remote":"192.168.43.116:57012","connectionId":2,"connectionCount":2}}
{"t":{"$date":"2021-10-27T16:55:26.572+08:00"},"s":"I",  "c":"NETWORK",  "id":22944,   "ctx":"conn2","msg":"Connection ended","attr":{"remote":"192.168.43.116:57012","connectionId":2,"connectionCount":1}}
{"t":{"$date":"2021-10-27T16:55:26.573+08:00"},"s":"I",  "c":"REPL",     "id":21400,   "ctx":"conn1","msg":"Scheduling heartbeat to fetch a new config since we are not a member of our current config","attr":{"senderHost":"192.168.43.116:27017"}}
{"t":{"$date":"2021-10-27T16:55:26.576+08:00"},"s":"I",  "c":"CONNPOOL", "id":22576,   "ctx":"ReplNetwork","msg":"Connecting","attr":{"hostAndPort":"192.168.43.116:27017"}}
{"t":{"$date":"2021-10-27T16:55:27.084+08:00"},"s":"I",  "c":"STORAGE",  "id":20320,   "ctx":"ReplCoord-0","msg":"createCollection","attr":{"namespace":"local.system.replset","uuidDisposition":"generated","uuid":{"uuid":{"$uuid":"9a914433-9576-4f23-a729-0f3784dffbbf"}},"options":{}}}
{"t":{"$date":"2021-10-27T16:55:27.098+08:00"},"s":"I",  "c":"INDEX",    "id":20345,   "ctx":"ReplCoord-0","msg":"Index build: done building","attr":{"buildUUID":null,"namespace":"local.system.replset","index":"_id_","commitTimestamp":{"$timestamp":{"t":1635324926,"i":1}}}}
{"t":{"$date":"2021-10-27T16:55:27.100+08:00"},"s":"I",  "c":"REPL",     "id":21392,   "ctx":"ReplCoord-0","msg":"New replica set config in use","attr":{"config":{"_id":"myrs","version":1,"term":0,"protocolVersion":1,"writeConcernMajorityJournalDefault":true,"members":[{"_id":0,"host":"192.168.43.116:27017","arbiterOnly":false,"buildIndexes":true,"hidden":false,"priority":1.0,"tags":{},"slaveDelay":0,"votes":1},{"_id":1,"host":"192.168.43.116:27019","arbiterOnly":false,"buildIndexes":true,"hidden":false,"priority":1.0,"tags":{},"slaveDelay":0,"votes":1}],"settings":{"chainingAllowed":true,"heartbeatIntervalMillis":2000,"heartbeatTimeoutSecs":10,"electionTimeoutMillis":10000,"catchUpTimeoutMillis":-1,"catchUpTakeoverDelayMillis":30000,"getLastErrorModes":{},"getLastErrorDefaults":{"w":1,"wtimeout":0},"replicaSetId":{"$oid":"617913fe072df0ae3287d21b"}}}}}
{"t":{"$date":"2021-10-27T16:55:27.100+08:00"},"s":"I",  "c":"REPL",     "id":21393,   "ctx":"ReplCoord-0","msg":"Found self in config","attr":{"hostAndPort":"192.168.43.116:27019"}}
{"t":{"$date":"2021-10-27T16:55:27.100+08:00"},"s":"I",  "c":"REPL",     "id":21358,   "ctx":"ReplCoord-0","msg":"Replica set state transition","attr":{"newState":"STARTUP2","oldState":"STARTUP"}}
{"t":{"$date":"2021-10-27T16:55:27.100+08:00"},"s":"I",  "c":"REPL",     "id":21306,   "ctx":"ReplCoord-0","msg":"Starting replication storage threads"}
{"t":{"$date":"2021-10-27T16:55:27.101+08:00"},"s":"I",  "c":"REPL",     "id":21215,   "ctx":"ReplCoord-1","msg":"Member is in new state","attr":{"hostAndPort":"192.168.43.116:27017","newState":"SECONDARY"}}
{"t":{"$date":"2021-10-27T16:55:27.103+08:00"},"s":"I",  "c":"STORAGE",  "id":20320,   "ctx":"ReplCoord-0","msg":"createCollection","attr":{"namespace":"local.temp_oplog_buffer","uuidDisposition":"generated","uuid":{"uuid":{"$uuid":"3c2966c7-cbdf-493f-8ad7-5dc89b1d9dc3"}},"options":{"temp":true}}}
{"t":{"$date":"2021-10-27T16:55:27.116+08:00"},"s":"I",  "c":"INDEX",    "id":20345,   "ctx":"ReplCoord-0","msg":"Index build: done building","attr":{"buildUUID":null,"namespace":"local.temp_oplog_buffer","index":"_id_","commitTimestamp":{"$timestamp":{"t":1635324926,"i":1}}}}
{"t":{"$date":"2021-10-27T16:55:27.117+08:00"},"s":"I",  "c":"INITSYNC", "id":21164,   "ctx":"ReplCoordExtern-0","msg":"Starting initial sync attempt","attr":{"initialSyncAttempt":1,"initialSyncMaxAttempts":10}}
{"t":{"$date":"2021-10-27T16:55:27.118+08:00"},"s":"I",  "c":"STORAGE",  "id":20318,   "ctx":"ReplCoordExtern-0","msg":"Finishing collection drop","attr":{"namespace":"local.temp_oplog_buffer","uuid":{"uuid":{"$uuid":"3c2966c7-cbdf-493f-8ad7-5dc89b1d9dc3"}}}}
{"t":{"$date":"2021-10-27T16:55:27.124+08:00"},"s":"I",  "c":"STORAGE",  "id":20320,   "ctx":"ReplCoordExtern-0","msg":"createCollection","attr":{"namespace":"local.temp_oplog_buffer","uuidDisposition":"generated","uuid":{"uuid":{"$uuid":"73d75d4f-2ff8-4648-bff8-c52bc875c1af"}},"options":{"temp":true}}}
{"t":{"$date":"2021-10-27T16:55:27.137+08:00"},"s":"I",  "c":"INDEX",    "id":20345,   "ctx":"ReplCoordExtern-0","msg":"Index build: done building","attr":{"buildUUID":null,"namespace":"local.temp_oplog_buffer","index":"_id_","commitTimestamp":{"$timestamp":{"t":1635324926,"i":1}}}}
{"t":{"$date":"2021-10-27T16:55:27.138+08:00"},"s":"I",  "c":"REPL",     "id":21783,   "ctx":"ReplCoordExtern-0","msg":"Waiting for pings from other members before syncing","attr":{"pingsNeeded":1}}
{"t":{"$date":"2021-10-27T16:55:28.138+08:00"},"s":"I",  "c":"REPL",     "id":21799,   "ctx":"ReplCoordExtern-1","msg":"Sync source candidate chosen","attr":{"syncSource":"192.168.43.116:27017"}}
{"t":{"$date":"2021-10-27T16:55:28.138+08:00"},"s":"I",  "c":"INITSYNC", "id":21173,   "ctx":"ReplCoordExtern-1","msg":"Initial syncer oplog truncation finished","attr":{"durationMillis":0}}
{"t":{"$date":"2021-10-27T16:55:28.139+08:00"},"s":"I",  "c":"REPL",     "id":21251,   "ctx":"ReplCoordExtern-1","msg":"Creating replication oplog","attr":{"oplogSizeMB":8694}}
{"t":{"$date":"2021-10-27T16:55:28.139+08:00"},"s":"I",  "c":"STORAGE",  "id":20320,   "ctx":"ReplCoordExtern-1","msg":"createCollection","attr":{"namespace":"local.oplog.rs","uuidDisposition":"generated","uuid":{"uuid":{"$uuid":"ccd209c5-5702-486c-8d31-7011fc8aa298"}},"options":{"capped":true,"size":9116490342.0,"autoIndexId":false}}}
{"t":{"$date":"2021-10-27T16:55:28.156+08:00"},"s":"I",  "c":"STORAGE",  "id":22383,   "ctx":"ReplCoordExtern-1","msg":"The size storer reports that the oplog contains","attr":{"numRecords":0,"dataSize":0}}
{"t":{"$date":"2021-10-27T16:55:28.156+08:00"},"s":"I",  "c":"STORAGE",  "id":22382,   "ctx":"ReplCoordExtern-1","msg":"WiredTiger record store oplog processing finished","attr":{"durationMillis":0}}
{"t":{"$date":"2021-10-27T16:55:28.205+08:00"},"s":"I",  "c":"STORAGE",  "id":4833200, "ctx":"ReplCoordExtern-1","msg":"About to abort all index builders running","attr":{"reason":"Aborting index builds for initial sync"}}
{"t":{"$date":"2021-10-27T16:55:28.206+08:00"},"s":"I",  "c":"REPL",     "id":21754,   "ctx":"ReplCoordExtern-1","msg":"dropReplicatedDatabases - dropping databases","attr":{"numDatabases":1}}
{"t":{"$date":"2021-10-27T16:55:28.206+08:00"},"s":"I",  "c":"REPL",     "id":21756,   "ctx":"ReplCoordExtern-1","msg":"dropReplicatedDatabases - dropped databases","attr":{"numDatabases":1}}
{"t":{"$date":"2021-10-27T16:55:28.206+08:00"},"s":"I",  "c":"CONNPOOL", "id":22576,   "ctx":"ReplCoordExternNetwork","msg":"Connecting","attr":{"hostAndPort":"192.168.43.116:27017"}}
{"t":{"$date":"2021-10-27T16:55:28.242+08:00"},"s":"I",  "c":"STORAGE",  "id":20320,   "ctx":"ReplCoordExtern-1","msg":"createCollection","attr":{"namespace":"admin.system.version","uuidDisposition":"provided","uuid":{"uuid":{"$uuid":"18f60d70-ce42-497f-9968-cce397bf5b72"}},"options":{"uuid":{"$uuid":"18f60d70-ce42-497f-9968-cce397bf5b72"}}}}
{"t":{"$date":"2021-10-27T16:55:28.276+08:00"},"s":"I",  "c":"INDEX",    "id":20384,   "ctx":"ReplCoordExtern-1","msg":"Index build: starting","attr":{"namespace":"admin.system.version","buildUUID":null,"properties":{"v":2,"key":{"_id":1},"name":"_id_"},"method":"Hybrid","maxTemporaryMemoryUsageMB":200}}
{"t":{"$date":"2021-10-27T16:55:28.278+08:00"},"s":"I",  "c":"COMMAND",  "id":20459,   "ctx":"ReplWriterWorker-5","msg":"Setting featureCompatibilityVersion","attr":{"newVersion":"4.4"}}
{"t":{"$date":"2021-10-27T16:55:28.278+08:00"},"s":"I",  "c":"NETWORK",  "id":22991,   "ctx":"ReplWriterWorker-5","msg":"Skip closing connection for connection","attr":{"connectionId":1}}
{"t":{"$date":"2021-10-27T16:55:28.280+08:00"},"s":"I",  "c":"INDEX",    "id":20685,   "ctx":"ReplCoordExtern-1","msg":"Index build: inserted keys from external sorter into index","attr":{"namespace":"admin.system.version","index":"_id_","keysInserted":1,"durationMillis":0}}
{"t":{"$date":"2021-10-27T16:55:28.283+08:00"},"s":"I",  "c":"INDEX",    "id":20345,   "ctx":"ReplCoordExtern-1","msg":"Index build: done building","attr":{"buildUUID":null,"namespace":"admin.system.version","index":"_id_","commitTimestamp":{"$timestamp":{"t":1635324926,"i":1}}}}
{"t":{"$date":"2021-10-27T16:55:28.290+08:00"},"s":"I",  "c":"INITSYNC", "id":21183,   "ctx":"ReplCoordExtern-1","msg":"Finished cloning data. Beginning oplog replay","attr":{"databaseClonerFinishStatus":"OK"}}
{"t":{"$date":"2021-10-27T16:55:28.291+08:00"},"s":"I",  "c":"INITSYNC", "id":21186,   "ctx":"ReplCoordExtern-2","msg":"No need to apply operations","attr":{"stopTimestamp":{"":{"$timestamp":{"t":1635324926,"i":1}}}}}
{"t":{"$date":"2021-10-27T16:55:33.238+08:00"},"s":"I",  "c":"NETWORK",  "id":20125,   "ctx":"ReplCoordExtern-0","msg":"DBClientConnection failed to receive message","attr":{"connString":"192.168.43.116:27017","error":"SocketException: \ufffd\ufffd\ufffd\ufffd\ufffd\ufffd\ufffd\ufffd\ufffd–µ\ufffd\ufffd\ufffd\ufffd\ufffd\ufffd\ufffd÷π\ufffd\ufffd“ª\ufffd\ufffd\ufffd—Ω\ufffd¡¢\ufffd\ufffd¡¨\ufffd”°\ufffd"}}
{"t":{"$date":"2021-10-27T16:55:33.242+08:00"},"s":"I",  "c":"NETWORK",  "id":20120,   "ctx":"ReplCoordExtern-0","msg":"Trying to reconnect","attr":{"connString":"192.168.43.116:27017 failed"}}
{"t":{"$date":"2021-10-27T16:55:33.242+08:00"},"s":"I",  "c":"NETWORK",  "id":20121,   "ctx":"ReplCoordExtern-0","msg":"Reconnect attempt failed","attr":{"connString":"192.168.43.116:27017 failed","error":""}}
{"t":{"$date":"2021-10-27T16:55:33.243+08:00"},"s":"I",  "c":"-",        "id":4615600, "ctx":"ReplCoordExtern-0","msg":"caught exception in destructor","attr":{"exception":"socket exception [CONNECT_ERROR] server [socket exception [FAILED_STATE] server [192.168.43.116:27017 failed]]","function":"mongo::DBClientCursor::kill"}}
{"t":{"$date":"2021-10-27T16:55:33.243+08:00"},"s":"I",  "c":"INITSYNC", "id":21181,   "ctx":"ReplCoordExtern-0","msg":"Finished fetching oplog during initial sync","attr":{"oplogFetcherFinishStatus":"CallbackCanceled: oplog fetcher shutting down","lastFetched":"{ ts: Timestamp(0, 0), t: -1 }"}}
{"t":{"$date":"2021-10-27T16:55:33.243+08:00"},"s":"I",  "c":"INITSYNC", "id":21191,   "ctx":"ReplCoordExtern-0","msg":"Initial sync attempt finishing up"}
{"t":{"$date":"2021-10-27T16:55:33.243+08:00"},"s":"I",  "c":"INITSYNC", "id":21192,   "ctx":"ReplCoordExtern-0","msg":"Initial Sync Attempt Statistics","attr":{"statistics":{"failedInitialSyncAttempts":0,"maxFailedInitialSyncAttempts":10,"initialSyncStart":{"$date":"2021-10-27T08:55:27.117Z"},"initialSyncAttempts":[],"appliedOps":0,"initialSyncOplogStart":{"$timestamp":{"t":1635324926,"i":1}},"initialSyncOplogEnd":{"$timestamp":{"t":1635324926,"i":1}},"totalTimeUnreachableMillis":3,"databases":{"databasesCloned":1,"admin":{"collections":1,"clonedCollections":1,"start":{"$date":"2021-10-27T08:55:28.235Z"},"end":{"$date":"2021-10-27T08:55:28.288Z"},"elapsedMillis":53,"admin.system.version":{"documentsToCopy":1,"documentsCopied":1,"indexes":1,"fetchedBatches":1,"start":{"$date":"2021-10-27T08:55:28.235Z"},"end":{"$date":"2021-10-27T08:55:28.288Z"},"elapsedMillis":53,"receivedBatches":1}}}}}}
{"t":{"$date":"2021-10-27T16:55:33.244+08:00"},"s":"I",  "c":"STORAGE",  "id":20318,   "ctx":"ReplCoordExtern-0","msg":"Finishing collection drop","attr":{"namespace":"local.temp_oplog_buffer","uuid":{"uuid":{"$uuid":"73d75d4f-2ff8-4648-bff8-c52bc875c1af"}}}}
{"t":{"$date":"2021-10-27T16:55:33.255+08:00"},"s":"I",  "c":"STORAGE",  "id":20320,   "ctx":"ReplCoordExtern-0","msg":"createCollection","attr":{"namespace":"local.replset.initialSyncId","uuidDisposition":"generated","uuid":{"uuid":{"$uuid":"7cf71c06-782b-4d0d-bab5-dbc1b4cc92f3"}},"options":{}}}
{"t":{"$date":"2021-10-27T16:55:33.282+08:00"},"s":"I",  "c":"INDEX",    "id":20345,   "ctx":"ReplCoordExtern-0","msg":"Index build: done building","attr":{"buildUUID":null,"namespace":"local.replset.initialSyncId","index":"_id_","commitTimestamp":{"$timestamp":{"t":1635324926,"i":1}}}}
{"t":{"$date":"2021-10-27T16:55:33.288+08:00"},"s":"I",  "c":"INITSYNC", "id":21163,   "ctx":"ReplCoordExtern-0","msg":"Initial sync done","attr":{"durationSeconds":6}}
{"t":{"$date":"2021-10-27T16:55:33.288+08:00"},"s":"I",  "c":"REPL",     "id":21358,   "ctx":"ReplCoordExtern-0","msg":"Replica set state transition","attr":{"newState":"RECOVERING","oldState":"STARTUP2"}}
{"t":{"$date":"2021-10-27T16:55:33.288+08:00"},"s":"I",  "c":"REPL",     "id":21299,   "ctx":"ReplCoordExtern-0","msg":"Starting replication fetcher thread"}
{"t":{"$date":"2021-10-27T16:55:33.288+08:00"},"s":"I",  "c":"REPL",     "id":21300,   "ctx":"ReplCoordExtern-0","msg":"Starting replication applier thread"}
{"t":{"$date":"2021-10-27T16:55:33.288+08:00"},"s":"I",  "c":"REPL",     "id":21301,   "ctx":"ReplCoordExtern-0","msg":"Starting replication reporter thread"}
{"t":{"$date":"2021-10-27T16:55:33.288+08:00"},"s":"I",  "c":"REPL",     "id":21224,   "ctx":"OplogApplier-0","msg":"Starting oplog application"}
{"t":{"$date":"2021-10-27T16:55:33.289+08:00"},"s":"I",  "c":"REPL",     "id":21358,   "ctx":"OplogApplier-0","msg":"Replica set state transition","attr":{"newState":"SECONDARY","oldState":"RECOVERING"}}
{"t":{"$date":"2021-10-27T16:55:33.289+08:00"},"s":"I",  "c":"REPL",     "id":21106,   "ctx":"OplogApplier-0","msg":"Resetting sync source to empty","attr":{"previousSyncSource":":27017"}}
{"t":{"$date":"2021-10-27T16:55:33.290+08:00"},"s":"I",  "c":"REPL",     "id":21798,   "ctx":"BackgroundSync","msg":"Could not find member to sync from"}
{"t":{"$date":"2021-10-27T16:55:38.002+08:00"},"s":"I",  "c":"ELECTION", "id":23980,   "ctx":"conn1","msg":"Responding to vote request","attr":{"request":"{ replSetRequestVotes: 1, setName: \"myrs\", dryRun: true, term: 0, candidateIndex: 0, configVersion: 1, configTerm: 0, lastAppliedOpTime: { ts: Timestamp(1635324926, 1), t: -1 } }","response":"{ term: 0, voteGranted: true, reason: \"\" }","replicaSetStatus":"Current replSetGetStatus output: { set: \"myrs\", date: new Date(1635324938002), myState: 2, term: 0, syncSourceHost: \"\", syncSourceId: -1, heartbeatIntervalMillis: 2000, majorityVoteCount: 2, writeMajorityCount: 2, votingMembersCount: 2, writableVotingMembersCount: 2, optimes: { lastCommittedOpTime: { ts: Timestamp(0, 0), t: -1 }, lastCommittedWallTime: new Date(0), appliedOpTime: { ts: Timestamp(1635324926, 1), t: -1 }, durableOpTime: { ts: Timestamp(1635324926, 1), t: -1 }, lastAppliedWallTime: new Date(1635324926621), lastDurableWallTime: new Date(1635324926621) }, members: [ { _id: 0, name: \"192.168.43.116:27017\", health: 1.0, state: 2, stateStr: \"SECONDARY\", uptime: 10, optime: { ts: Timestamp(1635324926, 1), t: -1 }, optimeDurable: { ts: Timestamp(1635324926, 1), t: -1 }, optimeDate: new Date(1635324926000), optimeDurableDate: new Date(1635324926000), lastHeartbeat: new Date(1635324937800), lastHeartbeatRecv: new Date(1635324937670), pingMs: 0, lastHeartbeatMessage: \"\", syncSourceHost: \"\", syncSourceId: -1, infoMessage: \"\", configVersion: 1, configTerm: 0 }, { _id: 1, name: \"192.168.43.116:27019\", health: 1.0, state: 2, stateStr: \"SECONDARY\", uptime: 0, optime: { ts: Timestamp(1635324926, 1), t: -1 }, optimeDate: new Date(1635324926000), syncSourceHost: \"\", syncSourceId: -1, infoMessage: \"\", configVersion: 1, configTerm: 0, self: true, lastHeartbeatMessage: \"\" } ] }"}}
{"t":{"$date":"2021-10-27T16:55:38.006+08:00"},"s":"I",  "c":"ELECTION", "id":23980,   "ctx":"conn1","msg":"Responding to vote request","attr":{"request":"{ replSetRequestVotes: 1, setName: \"myrs\", dryRun: false, term: 1, candidateIndex: 0, configVersion: 1, configTerm: 0, lastAppliedOpTime: { ts: Timestamp(1635324926, 1), t: -1 } }","response":"{ term: 1, voteGranted: true, reason: \"\" }","replicaSetStatus":"Current replSetGetStatus output: { set: \"myrs\", date: new Date(1635324938006), myState: 2, term: 1, syncSourceHost: \"\", syncSourceId: -1, heartbeatIntervalMillis: 2000, majorityVoteCount: 2, writeMajorityCount: 2, votingMembersCount: 2, writableVotingMembersCount: 2, optimes: { lastCommittedOpTime: { ts: Timestamp(0, 0), t: -1 }, lastCommittedWallTime: new Date(0), appliedOpTime: { ts: Timestamp(1635324926, 1), t: -1 }, durableOpTime: { ts: Timestamp(1635324926, 1), t: -1 }, lastAppliedWallTime: new Date(1635324926621), lastDurableWallTime: new Date(1635324926621) }, members: [ { _id: 0, name: \"192.168.43.116:27017\", health: 1.0, state: 2, stateStr: \"SECONDARY\", uptime: 10, optime: { ts: Timestamp(1635324926, 1), t: -1 }, optimeDurable: { ts: Timestamp(1635324926, 1), t: -1 }, optimeDate: new Date(1635324926000), optimeDurableDate: new Date(1635324926000), lastHeartbeat: new Date(1635324937800), lastHeartbeatRecv: new Date(1635324937670), pingMs: 0, lastHeartbeatMessage: \"\", syncSourceHost: \"\", syncSourceId: -1, infoMessage: \"\", configVersion: 1, configTerm: 0 }, { _id: 1, name: \"192.168.43.116:27019\", health: 1.0, state: 2, stateStr: \"SECONDARY\", uptime: 0, optime: { ts: Timestamp(1635324926, 1), t: -1 }, optimeDate: new Date(1635324926000), syncSourceHost: \"\", syncSourceId: -1, infoMessage: \"\", configVersion: 1, configTerm: 0, self: true, lastHeartbeatMessage: \"\" } ] }"}}
{"t":{"$date":"2021-10-27T16:55:38.016+08:00"},"s":"I",  "c":"REPL",     "id":21401,   "ctx":"conn1","msg":"Scheduling heartbeat to fetch a newer config","attr":{"configTerm":1,"configVersion":1,"senderHost":"192.168.43.116:27017"}}
{"t":{"$date":"2021-10-27T16:55:38.022+08:00"},"s":"I",  "c":"REPL",     "id":21392,   "ctx":"ReplCoord-0","msg":"New replica set config in use","attr":{"config":{"_id":"myrs","version":1,"term":1,"protocolVersion":1,"writeConcernMajorityJournalDefault":true,"members":[{"_id":0,"host":"192.168.43.116:27017","arbiterOnly":false,"buildIndexes":true,"hidden":false,"priority":1.0,"tags":{},"slaveDelay":0,"votes":1},{"_id":1,"host":"192.168.43.116:27019","arbiterOnly":false,"buildIndexes":true,"hidden":false,"priority":1.0,"tags":{},"slaveDelay":0,"votes":1}],"settings":{"chainingAllowed":true,"heartbeatIntervalMillis":2000,"heartbeatTimeoutSecs":10,"electionTimeoutMillis":10000,"catchUpTimeoutMillis":-1,"catchUpTakeoverDelayMillis":30000,"getLastErrorModes":{},"getLastErrorDefaults":{"w":1,"wtimeout":0},"replicaSetId":{"$oid":"617913fe072df0ae3287d21b"}}}}}
{"t":{"$date":"2021-10-27T16:55:38.022+08:00"},"s":"I",  "c":"REPL",     "id":21393,   "ctx":"ReplCoord-0","msg":"Found self in config","attr":{"hostAndPort":"192.168.43.116:27019"}}
{"t":{"$date":"2021-10-27T16:55:38.024+08:00"},"s":"I",  "c":"REPL",     "id":21215,   "ctx":"ReplCoord-0","msg":"Member is in new state","attr":{"hostAndPort":"192.168.43.116:27017","newState":"PRIMARY"}}
{"t":{"$date":"2021-10-27T16:55:38.056+08:00"},"s":"I",  "c":"NETWORK",  "id":22943,   "ctx":"listener","msg":"Connection accepted","attr":{"remote":"192.168.43.116:57031","connectionId":9,"connectionCount":2}}
{"t":{"$date":"2021-10-27T16:55:38.057+08:00"},"s":"I",  "c":"NETWORK",  "id":51800,   "ctx":"conn9","msg":"client metadata","attr":{"remote":"192.168.43.116:57031","client":"conn9","doc":{"driver":{"name":"NetworkInterfaceTL","version":"4.4.1"},"os":{"type":"Windows","name":"Microsoft Windows 10","architecture":"x86_64","version":"10.0 (build 19042)"}}}}
{"t":{"$date":"2021-10-27T16:55:39.295+08:00"},"s":"I",  "c":"REPL",     "id":21799,   "ctx":"BackgroundSync","msg":"Sync source candidate chosen","attr":{"syncSource":"192.168.43.116:27017"}}
{"t":{"$date":"2021-10-27T16:55:39.304+08:00"},"s":"I",  "c":"REPL",     "id":21088,   "ctx":"BackgroundSync","msg":"Changed sync source","attr":{"oldSyncSource":"empty","newSyncSource":"192.168.43.116:27017"}}
{"t":{"$date":"2021-10-27T16:55:39.318+08:00"},"s":"I",  "c":"STORAGE",  "id":20320,   "ctx":"ReplWriterWorker-1","msg":"createCollection","attr":{"namespace":"config.transactions","uuidDisposition":"provided","uuid":{"uuid":{"$uuid":"76914c80-8d1a-466b-90b7-c09be102e50d"}},"options":{"uuid":{"$uuid":"76914c80-8d1a-466b-90b7-c09be102e50d"}}}}
{"t":{"$date":"2021-10-27T16:55:39.328+08:00"},"s":"I",  "c":"INDEX",    "id":20345,   "ctx":"ReplWriterWorker-1","msg":"Index build: done building","attr":{"buildUUID":null,"namespace":"config.transactions","index":"_id_","commitTimestamp":{"$timestamp":{"t":1635324938,"i":2}}}}
{"t":{"$date":"2021-10-27T16:55:39.330+08:00"},"s":"I",  "c":"STORAGE",  "id":20320,   "ctx":"ReplWriterWorker-6","msg":"createCollection","attr":{"namespace":"config.system.indexBuilds","uuidDisposition":"provided","uuid":{"uuid":{"$uuid":"d9a797e8-7f83-4617-8fc8-dfe0e4864e9c"}},"options":{"uuid":{"$uuid":"d9a797e8-7f83-4617-8fc8-dfe0e4864e9c"}}}}
{"t":{"$date":"2021-10-27T16:55:39.343+08:00"},"s":"I",  "c":"INDEX",    "id":20345,   "ctx":"ReplWriterWorker-6","msg":"Index build: done building","attr":{"buildUUID":null,"namespace":"config.system.indexBuilds","index":"_id_","commitTimestamp":{"$timestamp":{"t":1635324938,"i":4}}}}
{"t":{"$date":"2021-10-27T16:55:39.344+08:00"},"s":"I",  "c":"STORAGE",  "id":20320,   "ctx":"ReplWriterWorker-8","msg":"createCollection","attr":{"namespace":"admin.system.keys","uuidDisposition":"provided","uuid":{"uuid":{"$uuid":"fe843f37-9963-481a-bc26-4d61299fb13d"}},"options":{"uuid":{"$uuid":"fe843f37-9963-481a-bc26-4d61299fb13d"}}}}
{"t":{"$date":"2021-10-27T16:55:39.361+08:00"},"s":"I",  "c":"INDEX",    "id":20345,   "ctx":"ReplWriterWorker-8","msg":"Index build: done building","attr":{"buildUUID":null,"namespace":"admin.system.keys","index":"_id_","commitTimestamp":{"$timestamp":{"t":1635324938,"i":5}}}}
{"t":{"$date":"2021-10-27T16:55:39.367+08:00"},"s":"I",  "c":"STORAGE",  "id":22310,   "ctx":"ReplCoordExtern-1","msg":"Triggering the first stable checkpoint","attr":{"initialData":{"$timestamp":{"t":1635324926,"i":1}},"prevStable":{"$timestamp":{"t":0,"i":0}},"currStable":{"$timestamp":{"t":1635324938,"i":6}}}}
{"t":{"$date":"2021-10-27T16:58:02.260+08:00"},"s":"I",  "c":"CONTROL",  "id":23372,   "ctx":"thread4","msg":"Ctrl-C signal"}
{"t":{"$date":"2021-10-27T16:58:02.260+08:00"},"s":"I",  "c":"CONTROL",  "id":23371,   "ctx":"consoleTerminate","msg":"Received event, will terminate after current command ends","attr":{"controlCode":"CTRL_C_EVENT"}}
{"t":{"$date":"2021-10-27T16:58:02.260+08:00"},"s":"I",  "c":"REPL",     "id":4784900, "ctx":"consoleTerminate","msg":"Stepping down the ReplicationCoordinator for shutdown","attr":{"waitTimeMillis":10000}}
{"t":{"$date":"2021-10-27T16:58:02.261+08:00"},"s":"I",  "c":"COMMAND",  "id":4784901, "ctx":"consoleTerminate","msg":"Shutting down the MirrorMaestro"}
{"t":{"$date":"2021-10-27T16:58:02.261+08:00"},"s":"I",  "c":"REPL",     "id":40441,   "ctx":"consoleTerminate","msg":"Stopping TopologyVersionObserver"}
{"t":{"$date":"2021-10-27T16:58:02.261+08:00"},"s":"I",  "c":"REPL",     "id":40447,   "ctx":"TopologyVersionObserver","msg":"Stopped TopologyVersionObserver"}
{"t":{"$date":"2021-10-27T16:58:02.261+08:00"},"s":"I",  "c":"SHARDING", "id":4784902, "ctx":"consoleTerminate","msg":"Shutting down the WaitForMajorityService"}
{"t":{"$date":"2021-10-27T16:58:02.262+08:00"},"s":"I",  "c":"CONTROL",  "id":4784903, "ctx":"consoleTerminate","msg":"Shutting down the LogicalSessionCache"}
{"t":{"$date":"2021-10-27T16:58:02.263+08:00"},"s":"I",  "c":"NETWORK",  "id":20562,   "ctx":"consoleTerminate","msg":"Shutdown: going to close listening sockets"}
{"t":{"$date":"2021-10-27T16:58:02.263+08:00"},"s":"I",  "c":"NETWORK",  "id":4784905, "ctx":"consoleTerminate","msg":"Shutting down the global connection pool"}
{"t":{"$date":"2021-10-27T16:58:02.263+08:00"},"s":"I",  "c":"STORAGE",  "id":4784906, "ctx":"consoleTerminate","msg":"Shutting down the FlowControlTicketholder"}
{"t":{"$date":"2021-10-27T16:58:02.263+08:00"},"s":"I",  "c":"-",        "id":20520,   "ctx":"consoleTerminate","msg":"Stopping further Flow Control ticket acquisitions."}
{"t":{"$date":"2021-10-27T16:58:02.263+08:00"},"s":"I",  "c":"REPL",     "id":4784907, "ctx":"consoleTerminate","msg":"Shutting down the replica set node executor"}
{"t":{"$date":"2021-10-27T16:58:02.264+08:00"},"s":"I",  "c":"ASIO",     "id":22582,   "ctx":"ReplNodeDbWorkerNetwork","msg":"Killing all outstanding egress activity."}
{"t":{"$date":"2021-10-27T16:58:02.264+08:00"},"s":"I",  "c":"STORAGE",  "id":4784908, "ctx":"consoleTerminate","msg":"Shutting down the PeriodicThreadToAbortExpiredTransactions"}
{"t":{"$date":"2021-10-27T16:58:02.264+08:00"},"s":"I",  "c":"STORAGE",  "id":4784934, "ctx":"consoleTerminate","msg":"Shutting down the PeriodicThreadToDecreaseSnapshotHistoryCachePressure"}
{"t":{"$date":"2021-10-27T16:58:02.265+08:00"},"s":"I",  "c":"REPL",     "id":4784909, "ctx":"consoleTerminate","msg":"Shutting down the ReplicationCoordinator"}
{"t":{"$date":"2021-10-27T16:58:02.265+08:00"},"s":"I",  "c":"REPL",     "id":21328,   "ctx":"consoleTerminate","msg":"Shutting down replication subsystems"}
{"t":{"$date":"2021-10-27T16:58:02.265+08:00"},"s":"I",  "c":"REPL",     "id":21302,   "ctx":"consoleTerminate","msg":"Stopping replication reporter thread"}
{"t":{"$date":"2021-10-27T16:58:02.265+08:00"},"s":"I",  "c":"REPL",     "id":21760,   "ctx":"SyncSourceFeedback","msg":"SyncSourceFeedback error sending update","attr":{"syncTarget":"192.168.43.116:27017","error":{"code":90,"codeName":"CallbackCanceled","errmsg":"Reporter no longer valid"}}}
{"t":{"$date":"2021-10-27T16:58:02.266+08:00"},"s":"I",  "c":"REPL",     "id":21303,   "ctx":"consoleTerminate","msg":"Stopping replication fetcher thread"}
{"t":{"$date":"2021-10-27T16:58:02.266+08:00"},"s":"I",  "c":"REPL",     "id":21304,   "ctx":"consoleTerminate","msg":"Stopping replication applier thread"}
{"t":{"$date":"2021-10-27T16:58:03.072+08:00"},"s":"I",  "c":"REPL",     "id":21275,   "ctx":"ReplCoordExtern-1","msg":"Recreating cursor for oplog fetcher due to error","attr":{"lastOpTimeFetched":{"ts":{"$timestamp":{"t":1635325078,"i":1}},"t":1},"attemptsRemaining":1,"error":"SocketException: Error while getting the next batch in the oplog fetcher :: caused by :: recv failed while exhausting cursor :: caused by :: \ufffd\ufffd\ufffd\ufffd\ufffd\ufffd\ufffd\ufffd\ufffd–µ\ufffd\ufffd\ufffd\ufffd\ufffd\ufffd\ufffd÷π\ufffd\ufffd“ª\ufffd\ufffd\ufffd—Ω\ufffd¡¢\ufffd\ufffd¡¨\ufffd”°\ufffd"}}
{"t":{"$date":"2021-10-27T16:58:03.073+08:00"},"s":"I",  "c":"REPL",     "id":21094,   "ctx":"BackgroundSync","msg":"Replication producer stopped after oplog fetcher finished returning a batch from our sync source. Abandoning this batch of oplog entries and re-evaluating our sync source"}
{"t":{"$date":"2021-10-27T16:58:03.073+08:00"},"s":"I",  "c":"REPL",     "id":21107,   "ctx":"BackgroundSync","msg":"Stopping replication producer"}
{"t":{"$date":"2021-10-27T16:58:03.074+08:00"},"s":"I",  "c":"REPL",     "id":21225,   "ctx":"OplogApplier-0","msg":"Finished oplog application"}
{"t":{"$date":"2021-10-27T16:58:03.074+08:00"},"s":"I",  "c":"REPL",     "id":21307,   "ctx":"consoleTerminate","msg":"Stopping replication storage threads"}
{"t":{"$date":"2021-10-27T16:58:03.075+08:00"},"s":"I",  "c":"ASIO",     "id":22582,   "ctx":"OplogApplierNetwork","msg":"Killing all outstanding egress activity."}
{"t":{"$date":"2021-10-27T16:58:03.077+08:00"},"s":"I",  "c":"ASIO",     "id":22582,   "ctx":"ReplCoordExternNetwork","msg":"Killing all outstanding egress activity."}
{"t":{"$date":"2021-10-27T16:58:03.077+08:00"},"s":"I",  "c":"CONNPOOL", "id":22572,   "ctx":"ReplCoordExternNetwork","msg":"Dropping all pooled connections","attr":{"hostAndPort":"192.168.43.116:27017","error":"ShutdownInProgress: Shutting down the connection pool"}}
{"t":{"$date":"2021-10-27T16:58:03.079+08:00"},"s":"I",  "c":"ASIO",     "id":22582,   "ctx":"ReplNetwork","msg":"Killing all outstanding egress activity."}
{"t":{"$date":"2021-10-27T16:58:03.080+08:00"},"s":"I",  "c":"SHARDING", "id":4784910, "ctx":"consoleTerminate","msg":"Shutting down the ShardingInitializationMongoD"}
{"t":{"$date":"2021-10-27T16:58:03.081+08:00"},"s":"I",  "c":"REPL",     "id":4784911, "ctx":"consoleTerminate","msg":"Enqueuing the ReplicationStateTransitionLock for shutdown"}
{"t":{"$date":"2021-10-27T16:58:03.081+08:00"},"s":"I",  "c":"-",        "id":4784912, "ctx":"consoleTerminate","msg":"Killing all operations for shutdown"}
{"t":{"$date":"2021-10-27T16:58:03.081+08:00"},"s":"I",  "c":"-",        "id":4695300, "ctx":"consoleTerminate","msg":"Interrupted all currently running operations","attr":{"opsKilled":5}}
{"t":{"$date":"2021-10-27T16:58:03.081+08:00"},"s":"I",  "c":"COMMAND",  "id":4784913, "ctx":"consoleTerminate","msg":"Shutting down all open transactions"}
{"t":{"$date":"2021-10-27T16:58:03.081+08:00"},"s":"I",  "c":"REPL",     "id":4784914, "ctx":"consoleTerminate","msg":"Acquiring the ReplicationStateTransitionLock for shutdown"}
{"t":{"$date":"2021-10-27T16:58:03.081+08:00"},"s":"I",  "c":"INDEX",    "id":4784915, "ctx":"consoleTerminate","msg":"Shutting down the IndexBuildsCoordinator"}
{"t":{"$date":"2021-10-27T16:58:03.081+08:00"},"s":"I",  "c":"REPL",     "id":4784916, "ctx":"consoleTerminate","msg":"Reacquiring the ReplicationStateTransitionLock for shutdown"}
{"t":{"$date":"2021-10-27T16:58:03.082+08:00"},"s":"I",  "c":"REPL",     "id":4784917, "ctx":"consoleTerminate","msg":"Attempting to mark clean shutdown"}
{"t":{"$date":"2021-10-27T16:58:03.083+08:00"},"s":"I",  "c":"NETWORK",  "id":4784918, "ctx":"consoleTerminate","msg":"Shutting down the ReplicaSetMonitor"}
{"t":{"$date":"2021-10-27T16:58:03.083+08:00"},"s":"I",  "c":"REPL",     "id":4784920, "ctx":"consoleTerminate","msg":"Shutting down the LogicalTimeValidator"}
{"t":{"$date":"2021-10-27T16:58:03.083+08:00"},"s":"I",  "c":"SHARDING", "id":4784921, "ctx":"consoleTerminate","msg":"Shutting down the MigrationUtilExecutor"}
{"t":{"$date":"2021-10-27T16:58:03.083+08:00"},"s":"I",  "c":"CONTROL",  "id":4784925, "ctx":"consoleTerminate","msg":"Shutting down free monitoring"}
{"t":{"$date":"2021-10-27T16:58:03.083+08:00"},"s":"I",  "c":"CONTROL",  "id":20609,   "ctx":"consoleTerminate","msg":"Shutting down free monitoring"}
{"t":{"$date":"2021-10-27T16:58:03.084+08:00"},"s":"I",  "c":"FTDC",     "id":4784926, "ctx":"consoleTerminate","msg":"Shutting down full-time data capture"}
{"t":{"$date":"2021-10-27T16:58:03.084+08:00"},"s":"I",  "c":"FTDC",     "id":20626,   "ctx":"consoleTerminate","msg":"Shutting down full-time diagnostic data capture"}
{"t":{"$date":"2021-10-27T16:58:03.099+08:00"},"s":"I",  "c":"STORAGE",  "id":4784927, "ctx":"consoleTerminate","msg":"Shutting down the HealthLog"}
{"t":{"$date":"2021-10-27T16:58:03.100+08:00"},"s":"I",  "c":"STORAGE",  "id":4784929, "ctx":"consoleTerminate","msg":"Acquiring the global lock for shutdown"}
{"t":{"$date":"2021-10-27T16:58:03.100+08:00"},"s":"I",  "c":"STORAGE",  "id":4784930, "ctx":"consoleTerminate","msg":"Shutting down the storage engine"}
{"t":{"$date":"2021-10-27T16:58:03.100+08:00"},"s":"I",  "c":"STORAGE",  "id":20282,   "ctx":"consoleTerminate","msg":"Deregistering all the collections"}
{"t":{"$date":"2021-10-27T16:58:03.100+08:00"},"s":"I",  "c":"STORAGE",  "id":22372,   "ctx":"OplogVisibilityThread","msg":"Oplog visibility thread shutting down."}
{"t":{"$date":"2021-10-27T16:58:03.101+08:00"},"s":"I",  "c":"STORAGE",  "id":22261,   "ctx":"consoleTerminate","msg":"Timestamp monitor shutting down"}
{"t":{"$date":"2021-10-27T16:58:03.101+08:00"},"s":"I",  "c":"STORAGE",  "id":22317,   "ctx":"consoleTerminate","msg":"WiredTigerKVEngine shutting down"}
{"t":{"$date":"2021-10-27T16:58:03.103+08:00"},"s":"I",  "c":"STORAGE",  "id":22318,   "ctx":"consoleTerminate","msg":"Shutting down session sweeper thread"}
{"t":{"$date":"2021-10-27T16:58:03.104+08:00"},"s":"I",  "c":"STORAGE",  "id":22319,   "ctx":"consoleTerminate","msg":"Finished shutting down session sweeper thread"}
{"t":{"$date":"2021-10-27T16:58:03.104+08:00"},"s":"I",  "c":"STORAGE",  "id":22320,   "ctx":"consoleTerminate","msg":"Shutting down journal flusher thread"}
{"t":{"$date":"2021-10-27T16:58:03.104+08:00"},"s":"I",  "c":"STORAGE",  "id":22321,   "ctx":"consoleTerminate","msg":"Finished shutting down journal flusher thread"}
{"t":{"$date":"2021-10-27T16:58:03.104+08:00"},"s":"I",  "c":"STORAGE",  "id":22322,   "ctx":"consoleTerminate","msg":"Shutting down checkpoint thread"}
{"t":{"$date":"2021-10-27T16:58:03.105+08:00"},"s":"I",  "c":"STORAGE",  "id":22323,   "ctx":"consoleTerminate","msg":"Finished shutting down checkpoint thread"}
{"t":{"$date":"2021-10-27T16:58:03.105+08:00"},"s":"I",  "c":"STORAGE",  "id":4795902, "ctx":"consoleTerminate","msg":"Closing WiredTiger","attr":{"closeConfig":"leak_memory=true,"}}
{"t":{"$date":"2021-10-27T16:58:03.145+08:00"},"s":"I",  "c":"STORAGE",  "id":4795901, "ctx":"consoleTerminate","msg":"WiredTiger closed","attr":{"durationMillis":40}}
{"t":{"$date":"2021-10-27T16:58:03.145+08:00"},"s":"I",  "c":"STORAGE",  "id":22281,   "ctx":"consoleTerminate","msg":"shutdown: removing fs lock..."}
{"t":{"$date":"2021-10-27T16:58:03.145+08:00"},"s":"I",  "c":"-",        "id":4784931, "ctx":"consoleTerminate","msg":"Dropping the scope cache for shutdown"}
{"t":{"$date":"2021-10-27T16:58:03.145+08:00"},"s":"I",  "c":"CONTROL",  "id":20565,   "ctx":"consoleTerminate","msg":"Now exiting"}
{"t":{"$date":"2021-10-27T16:58:03.145+08:00"},"s":"I",  "c":"CONTROL",  "id":23138,   "ctx":"consoleTerminate","msg":"Shutting down","attr":{"exitCode":12}}
